[2020-07-15 14:51:25] local.ERROR: No Database connection yet in VoyagerServiceProvider loadAuth()  
[2020-07-15 14:51:25] local.ERROR: Database (C:\Users\Simou\Desktop\Work\SafeSoft\PresenceWeb\database\database/db.sqlite) does not exist. (SQL: PRAGMA foreign_keys = ON;) {"exception":"[object] (Illuminate\\Database\\QueryException(code: 0): Database (C:\\Users\\Simou\\Desktop\\Work\\SafeSoft\\PresenceWeb\\database\\database/db.sqlite) does not exist. (SQL: PRAGMA foreign_keys = ON;) at /home/wassim/Desktop/safesoft/PresenceWeb/vendor/laravel/framework/src/Illuminate/Database/Connection.php:671)
[stacktrace]
#0 /home/wassim/Desktop/safesoft/PresenceWeb/vendor/laravel/framework/src/Illuminate/Database/Connection.php(631): Illuminate\\Database\\Connection->runQueryCallback()
#1 /home/wassim/Desktop/safesoft/PresenceWeb/vendor/laravel/framework/src/Illuminate/Database/Connection.php(465): Illuminate\\Database\\Connection->run()
#2 /home/wassim/Desktop/safesoft/PresenceWeb/vendor/laravel/framework/src/Illuminate/Database/Schema/Builder.php(266): Illuminate\\Database\\Connection->statement()
#3 /home/wassim/Desktop/safesoft/PresenceWeb/vendor/laravel/framework/src/Illuminate/Database/SQLiteConnection.php(33): Illuminate\\Database\\Schema\\Builder->enableForeignKeyConstraints()
#4 /home/wassim/Desktop/safesoft/PresenceWeb/vendor/laravel/framework/src/Illuminate/Database/Connectors/ConnectionFactory.php(282): Illuminate\\Database\\SQLiteConnection->__construct()
#5 /home/wassim/Desktop/safesoft/PresenceWeb/vendor/laravel/framework/src/Illuminate/Database/Connectors/ConnectionFactory.php(76): Illuminate\\Database\\Connectors\\ConnectionFactory->createConnection()
#6 /home/wassim/Desktop/safesoft/PresenceWeb/vendor/laravel/framework/src/Illuminate/Database/Connectors/ConnectionFactory.php(50): Illuminate\\Database\\Connectors\\ConnectionFactory->createSingleConnection()
#7 /home/wassim/Desktop/safesoft/PresenceWeb/vendor/laravel/framework/src/Illuminate/Database/DatabaseManager.php(131): Illuminate\\Database\\Connectors\\ConnectionFactory->make()
#8 /home/wassim/Desktop/safesoft/PresenceWeb/vendor/laravel/framework/src/Illuminate/Database/DatabaseManager.php(86): Illuminate\\Database\\DatabaseManager->makeConnection()
#9 /home/wassim/Desktop/safesoft/PresenceWeb/vendor/laravel/framework/src/Illuminate/Database/Eloquent/Model.php(1342): Illuminate\\Database\\DatabaseManager->connection()
#10 /home/wassim/Desktop/safesoft/PresenceWeb/vendor/laravel/framework/src/Illuminate/Database/Eloquent/Model.php(1308): Illuminate\\Database\\Eloquent\\Model::resolveConnection()
#11 /home/wassim/Desktop/safesoft/PresenceWeb/vendor/laravel/framework/src/Illuminate/Database/Eloquent/Model.php(1114): Illuminate\\Database\\Eloquent\\Model->getConnection()
#12 /home/wassim/Desktop/safesoft/PresenceWeb/vendor/laravel/framework/src/Illuminate/Database/Eloquent/Model.php(1031): Illuminate\\Database\\Eloquent\\Model->newBaseQueryBuilder()
#13 /home/wassim/Desktop/safesoft/PresenceWeb/vendor/laravel/framework/src/Illuminate/Database/Eloquent/Model.php(1067): Illuminate\\Database\\Eloquent\\Model->newModelQuery()
#14 /home/wassim/Desktop/safesoft/PresenceWeb/vendor/laravel/framework/src/Illuminate/Database/Eloquent/Model.php(1020): Illuminate\\Database\\Eloquent\\Model->newQueryWithoutScopes()
#15 /home/wassim/Desktop/safesoft/PresenceWeb/vendor/laravel/framework/src/Illuminate/Database/Eloquent/Model.php(1010): Illuminate\\Database\\Eloquent\\Model->newQuery()
#16 /home/wassim/Desktop/safesoft/PresenceWeb/vendor/laravel/framework/src/Illuminate/Database/Eloquent/Model.php(488): Illuminate\\Database\\Eloquent\\Model::query()
#17 /home/wassim/Desktop/safesoft/PresenceWeb/app/Http/Controllers/HomeController.php(16): Illuminate\\Database\\Eloquent\\Model::all()
#18 [internal function]: App\\Http\\Controllers\\HomeController->home()
#19 /home/wassim/Desktop/safesoft/PresenceWeb/vendor/laravel/framework/src/Illuminate/Routing/Controller.php(54): call_user_func_array()
#20 /home/wassim/Desktop/safesoft/PresenceWeb/vendor/laravel/framework/src/Illuminate/Routing/ControllerDispatcher.php(45): Illuminate\\Routing\\Controller->callAction()
#21 /home/wassim/Desktop/safesoft/PresenceWeb/vendor/laravel/framework/src/Illuminate/Routing/Route.php(239): Illuminate\\Routing\\ControllerDispatcher->dispatch()
#22 /home/wassim/Desktop/safesoft/PresenceWeb/vendor/laravel/framework/src/Illuminate/Routing/Route.php(196): Illuminate\\Routing\\Route->runController()
#23 /home/wassim/Desktop/safesoft/PresenceWeb/vendor/laravel/framework/src/Illuminate/Routing/Router.php(685): Illuminate\\Routing\\Route->run()
#24 /home/wassim/Desktop/safesoft/PresenceWeb/vendor/laravel/framework/src/Illuminate/Pipeline/Pipeline.php(128): Illuminate\\Routing\\Router->Illuminate\\Routing\\{closure}()
#25 /home/wassim/Desktop/safesoft/PresenceWeb/vendor/laravel/framework/src/Illuminate/Routing/Middleware/SubstituteBindings.php(41): Illuminate\\Pipeline\\Pipeline->Illuminate\\Pipeline\\{closure}()
#26 /home/wassim/Desktop/safesoft/PresenceWeb/vendor/laravel/framework/src/Illuminate/Pipeline/Pipeline.php(167): Illuminate\\Routing\\Middleware\\SubstituteBindings->handle()
#27 /home/wassim/Desktop/safesoft/PresenceWeb/vendor/laravel/framework/src/Illuminate/Foundation/Http/Middleware/VerifyCsrfToken.php(76): Illuminate\\Pipeline\\Pipeline->Illuminate\\Pipeline\\{closure}()
#28 /home/wassim/Desktop/safesoft/PresenceWeb/vendor/laravel/framework/src/Illuminate/Pipeline/Pipeline.php(167): Illuminate\\Foundation\\Http\\Middleware\\VerifyCsrfToken->handle()
#29 /home/wassim/Desktop/safesoft/PresenceWeb/vendor/laravel/framework/src/Illuminate/View/Middleware/ShareErrorsFromSession.php(49): Illuminate\\Pipeline\\Pipeline->Illuminate\\Pipeline\\{closure}()
#30 /home/wassim/Desktop/safesoft/PresenceWeb/vendor/laravel/framework/src/Illuminate/Pipeline/Pipeline.php(167): Illuminate\\View\\Middleware\\ShareErrorsFromSession->handle()
#31 /home/wassim/Desktop/safesoft/PresenceWeb/vendor/laravel/framework/src/Illuminate/Session/Middleware/StartSession.php(116): Illuminate\\Pipeline\\Pipeline->Illuminate\\Pipeline\\{closure}()
#32 /home/wassim/Desktop/safesoft/PresenceWeb/vendor/laravel/framework/src/Illuminate/Session/Middleware/StartSession.php(62): Illuminate\\Session\\Middleware\\StartSession->handleStatefulRequest()
#33 /home/wassim/Desktop/safesoft/PresenceWeb/vendor/laravel/framework/src/Illuminate/Pipeline/Pipeline.php(167): Illuminate\\Session\\Middleware\\StartSession->handle()
#34 /home/wassim/Desktop/safesoft/PresenceWeb/vendor/laravel/framework/src/Illuminate/Cookie/Middleware/AddQueuedCookiesToResponse.php(37): Illuminate\\Pipeline\\Pipeline->Illuminate\\Pipeline\\{closure}()
#35 /home/wassim/Desktop/safesoft/PresenceWeb/vendor/laravel/framework/src/Illuminate/Pipeline/Pipeline.php(167): Illuminate\\Cookie\\Middleware\\AddQueuedCookiesToResponse->handle()
#36 /home/wassim/Desktop/safesoft/PresenceWeb/vendor/laravel/framework/src/Illuminate/Cookie/Middleware/EncryptCookies.php(66): Illuminate\\Pipeline\\Pipeline->Illuminate\\Pipeline\\{closure}()
#37 /home/wassim/Desktop/safesoft/PresenceWeb/vendor/laravel/framework/src/Illuminate/Pipeline/Pipeline.php(167): Illuminate\\Cookie\\Middleware\\EncryptCookies->handle()
#38 /home/wassim/Desktop/safesoft/PresenceWeb/vendor/laravel/framework/src/Illuminate/Pipeline/Pipeline.php(103): Illuminate\\Pipeline\\Pipeline->Illuminate\\Pipeline\\{closure}()
#39 /home/wassim/Desktop/safesoft/PresenceWeb/vendor/laravel/framework/src/Illuminate/Routing/Router.php(687): Illuminate\\Pipeline\\Pipeline->then()
#40 /home/wassim/Desktop/safesoft/PresenceWeb/vendor/laravel/framework/src/Illuminate/Routing/Router.php(662): Illuminate\\Routing\\Router->runRouteWithinStack()
#41 /home/wassim/Desktop/safesoft/PresenceWeb/vendor/laravel/framework/src/Illuminate/Routing/Router.php(628): Illuminate\\Routing\\Router->runRoute()
#42 /home/wassim/Desktop/safesoft/PresenceWeb/vendor/laravel/framework/src/Illuminate/Routing/Router.php(617): Illuminate\\Routing\\Router->dispatchToRoute()
#43 /home/wassim/Desktop/safesoft/PresenceWeb/vendor/laravel/framework/src/Illuminate/Foundation/Http/Kernel.php(165): Illuminate\\Routing\\Router->dispatch()
#44 /home/wassim/Desktop/safesoft/PresenceWeb/vendor/laravel/framework/src/Illuminate/Pipeline/Pipeline.php(128): Illuminate\\Foundation\\Http\\Kernel->Illuminate\\Foundation\\Http\\{closure}()
#45 /home/wassim/Desktop/safesoft/PresenceWeb/vendor/laravel/framework/src/Illuminate/Foundation/Http/Middleware/TransformsRequest.php(21): Illuminate\\Pipeline\\Pipeline->Illuminate\\Pipeline\\{closure}()
#46 /home/wassim/Desktop/safesoft/PresenceWeb/vendor/laravel/framework/src/Illuminate/Pipeline/Pipeline.php(167): Illuminate\\Foundation\\Http\\Middleware\\TransformsRequest->handle()
#47 /home/wassim/Desktop/safesoft/PresenceWeb/vendor/laravel/framework/src/Illuminate/Foundation/Http/Middleware/TransformsRequest.php(21): Illuminate\\Pipeline\\Pipeline->Illuminate\\Pipeline\\{closure}()
#48 /home/wassim/Desktop/safesoft/PresenceWeb/vendor/laravel/framework/src/Illuminate/Pipeline/Pipeline.php(167): Illuminate\\Foundation\\Http\\Middleware\\TransformsRequest->handle()
#49 /home/wassim/Desktop/safesoft/PresenceWeb/vendor/laravel/framework/src/Illuminate/Foundation/Http/Middleware/ValidatePostSize.php(27): Illuminate\\Pipeline\\Pipeline->Illuminate\\Pipeline\\{closure}()
#50 /home/wassim/Desktop/safesoft/PresenceWeb/vendor/laravel/framework/src/Illuminate/Pipeline/Pipeline.php(167): Illuminate\\Foundation\\Http\\Middleware\\ValidatePostSize->handle()
#51 /home/wassim/Desktop/safesoft/PresenceWeb/vendor/laravel/framework/src/Illuminate/Foundation/Http/Middleware/CheckForMaintenanceMode.php(63): Illuminate\\Pipeline\\Pipeline->Illuminate\\Pipeline\\{closure}()
#52 /home/wassim/Desktop/safesoft/PresenceWeb/vendor/laravel/framework/src/Illuminate/Pipeline/Pipeline.php(167): Illuminate\\Foundation\\Http\\Middleware\\CheckForMaintenanceMode->handle()
#53 /home/wassim/Desktop/safesoft/PresenceWeb/vendor/fruitcake/laravel-cors/src/HandleCors.php(37): Illuminate\\Pipeline\\Pipeline->Illuminate\\Pipeline\\{closure}()
#54 /home/wassim/Desktop/safesoft/PresenceWeb/vendor/laravel/framework/src/Illuminate/Pipeline/Pipeline.php(167): Fruitcake\\Cors\\HandleCors->handle()
#55 /home/wassim/Desktop/safesoft/PresenceWeb/vendor/fideloper/proxy/src/TrustProxies.php(57): Illuminate\\Pipeline\\Pipeline->Illuminate\\Pipeline\\{closure}()
#56 /home/wassim/Desktop/safesoft/PresenceWeb/vendor/laravel/framework/src/Illuminate/Pipeline/Pipeline.php(167): Fideloper\\Proxy\\TrustProxies->handle()
#57 /home/wassim/Desktop/safesoft/PresenceWeb/vendor/laravel/framework/src/Illuminate/Pipeline/Pipeline.php(103): Illuminate\\Pipeline\\Pipeline->Illuminate\\Pipeline\\{closure}()
#58 /home/wassim/Desktop/safesoft/PresenceWeb/vendor/laravel/framework/src/Illuminate/Foundation/Http/Kernel.php(140): Illuminate\\Pipeline\\Pipeline->then()
#59 /home/wassim/Desktop/safesoft/PresenceWeb/vendor/laravel/framework/src/Illuminate/Foundation/Http/Kernel.php(109): Illuminate\\Foundation\\Http\\Kernel->sendRequestThroughRouter()
#60 /home/wassim/Desktop/safesoft/PresenceWeb/public/index.php(55): Illuminate\\Foundation\\Http\\Kernel->handle()
#61 /home/wassim/Desktop/safesoft/PresenceWeb/server.php(21): require_once('/home/wassim/De...')
#62 {main}

[previous exception] [object] (InvalidArgumentException(code: 0): Database (C:\\Users\\Simou\\Desktop\\Work\\SafeSoft\\PresenceWeb\\database\\database/db.sqlite) does not exist. at /home/wassim/Desktop/safesoft/PresenceWeb/vendor/laravel/framework/src/Illuminate/Database/Connectors/SQLiteConnector.php:34)
[stacktrace]
#0 /home/wassim/Desktop/safesoft/PresenceWeb/vendor/laravel/framework/src/Illuminate/Database/Connectors/ConnectionFactory.php(222): Illuminate\\Database\\Connectors\\SQLiteConnector->connect()
#1 [internal function]: Illuminate\\Database\\Connectors\\ConnectionFactory->Illuminate\\Database\\Connectors\\{closure}()
#2 /home/wassim/Desktop/safesoft/PresenceWeb/vendor/laravel/framework/src/Illuminate/Database/Connection.php(926): call_user_func()
#3 /home/wassim/Desktop/safesoft/PresenceWeb/vendor/laravel/framework/src/Illuminate/Database/Connection.php(458): Illuminate\\Database\\Connection->getPdo()
#4 /home/wassim/Desktop/safesoft/PresenceWeb/vendor/laravel/framework/src/Illuminate/Database/Connection.php(664): Illuminate\\Database\\Connection->Illuminate\\Database\\{closure}()
#5 /home/wassim/Desktop/safesoft/PresenceWeb/vendor/laravel/framework/src/Illuminate/Database/Connection.php(631): Illuminate\\Database\\Connection->runQueryCallback()
#6 /home/wassim/Desktop/safesoft/PresenceWeb/vendor/laravel/framework/src/Illuminate/Database/Connection.php(465): Illuminate\\Database\\Connection->run()
#7 /home/wassim/Desktop/safesoft/PresenceWeb/vendor/laravel/framework/src/Illuminate/Database/Schema/Builder.php(266): Illuminate\\Database\\Connection->statement()
#8 /home/wassim/Desktop/safesoft/PresenceWeb/vendor/laravel/framework/src/Illuminate/Database/SQLiteConnection.php(33): Illuminate\\Database\\Schema\\Builder->enableForeignKeyConstraints()
#9 /home/wassim/Desktop/safesoft/PresenceWeb/vendor/laravel/framework/src/Illuminate/Database/Connectors/ConnectionFactory.php(282): Illuminate\\Database\\SQLiteConnection->__construct()
#10 /home/wassim/Desktop/safesoft/PresenceWeb/vendor/laravel/framework/src/Illuminate/Database/Connectors/ConnectionFactory.php(76): Illuminate\\Database\\Connectors\\ConnectionFactory->createConnection()
#11 /home/wassim/Desktop/safesoft/PresenceWeb/vendor/laravel/framework/src/Illuminate/Database/Connectors/ConnectionFactory.php(50): Illuminate\\Database\\Connectors\\ConnectionFactory->createSingleConnection()
#12 /home/wassim/Desktop/safesoft/PresenceWeb/vendor/laravel/framework/src/Illuminate/Database/DatabaseManager.php(131): Illuminate\\Database\\Connectors\\ConnectionFactory->make()
#13 /home/wassim/Desktop/safesoft/PresenceWeb/vendor/laravel/framework/src/Illuminate/Database/DatabaseManager.php(86): Illuminate\\Database\\DatabaseManager->makeConnection()
#14 /home/wassim/Desktop/safesoft/PresenceWeb/vendor/laravel/framework/src/Illuminate/Database/Eloquent/Model.php(1342): Illuminate\\Database\\DatabaseManager->connection()
#15 /home/wassim/Desktop/safesoft/PresenceWeb/vendor/laravel/framework/src/Illuminate/Database/Eloquent/Model.php(1308): Illuminate\\Database\\Eloquent\\Model::resolveConnection()
#16 /home/wassim/Desktop/safesoft/PresenceWeb/vendor/laravel/framework/src/Illuminate/Database/Eloquent/Model.php(1114): Illuminate\\Database\\Eloquent\\Model->getConnection()
#17 /home/wassim/Desktop/safesoft/PresenceWeb/vendor/laravel/framework/src/Illuminate/Database/Eloquent/Model.php(1031): Illuminate\\Database\\Eloquent\\Model->newBaseQueryBuilder()
#18 /home/wassim/Desktop/safesoft/PresenceWeb/vendor/laravel/framework/src/Illuminate/Database/Eloquent/Model.php(1067): Illuminate\\Database\\Eloquent\\Model->newModelQuery()
#19 /home/wassim/Desktop/safesoft/PresenceWeb/vendor/laravel/framework/src/Illuminate/Database/Eloquent/Model.php(1020): Illuminate\\Database\\Eloquent\\Model->newQueryWithoutScopes()
#20 /home/wassim/Desktop/safesoft/PresenceWeb/vendor/laravel/framework/src/Illuminate/Database/Eloquent/Model.php(1010): Illuminate\\Database\\Eloquent\\Model->newQuery()
#21 /home/wassim/Desktop/safesoft/PresenceWeb/vendor/laravel/framework/src/Illuminate/Database/Eloquent/Model.php(488): Illuminate\\Database\\Eloquent\\Model::query()
#22 /home/wassim/Desktop/safesoft/PresenceWeb/app/Http/Controllers/HomeController.php(16): Illuminate\\Database\\Eloquent\\Model::all()
#23 [internal function]: App\\Http\\Controllers\\HomeController->home()
#24 /home/wassim/Desktop/safesoft/PresenceWeb/vendor/laravel/framework/src/Illuminate/Routing/Controller.php(54): call_user_func_array()
#25 /home/wassim/Desktop/safesoft/PresenceWeb/vendor/laravel/framework/src/Illuminate/Routing/ControllerDispatcher.php(45): Illuminate\\Routing\\Controller->callAction()
#26 /home/wassim/Desktop/safesoft/PresenceWeb/vendor/laravel/framework/src/Illuminate/Routing/Route.php(239): Illuminate\\Routing\\ControllerDispatcher->dispatch()
#27 /home/wassim/Desktop/safesoft/PresenceWeb/vendor/laravel/framework/src/Illuminate/Routing/Route.php(196): Illuminate\\Routing\\Route->runController()
#28 /home/wassim/Desktop/safesoft/PresenceWeb/vendor/laravel/framework/src/Illuminate/Routing/Router.php(685): Illuminate\\Routing\\Route->run()
#29 /home/wassim/Desktop/safesoft/PresenceWeb/vendor/laravel/framework/src/Illuminate/Pipeline/Pipeline.php(128): Illuminate\\Routing\\Router->Illuminate\\Routing\\{closure}()
#30 /home/wassim/Desktop/safesoft/PresenceWeb/vendor/laravel/framework/src/Illuminate/Routing/Middleware/SubstituteBindings.php(41): Illuminate\\Pipeline\\Pipeline->Illuminate\\Pipeline\\{closure}()
#31 /home/wassim/Desktop/safesoft/PresenceWeb/vendor/laravel/framework/src/Illuminate/Pipeline/Pipeline.php(167): Illuminate\\Routing\\Middleware\\SubstituteBindings->handle()
#32 /home/wassim/Desktop/safesoft/PresenceWeb/vendor/laravel/framework/src/Illuminate/Foundation/Http/Middleware/VerifyCsrfToken.php(76): Illuminate\\Pipeline\\Pipeline->Illuminate\\Pipeline\\{closure}()
#33 /home/wassim/Desktop/safesoft/PresenceWeb/vendor/laravel/framework/src/Illuminate/Pipeline/Pipeline.php(167): Illuminate\\Foundation\\Http\\Middleware\\VerifyCsrfToken->handle()
#34 /home/wassim/Desktop/safesoft/PresenceWeb/vendor/laravel/framework/src/Illuminate/View/Middleware/ShareErrorsFromSession.php(49): Illuminate\\Pipeline\\Pipeline->Illuminate\\Pipeline\\{closure}()
#35 /home/wassim/Desktop/safesoft/PresenceWeb/vendor/laravel/framework/src/Illuminate/Pipeline/Pipeline.php(167): Illuminate\\View\\Middleware\\ShareErrorsFromSession->handle()
#36 /home/wassim/Desktop/safesoft/PresenceWeb/vendor/laravel/framework/src/Illuminate/Session/Middleware/StartSession.php(116): Illuminate\\Pipeline\\Pipeline->Illuminate\\Pipeline\\{closure}()
#37 /home/wassim/Desktop/safesoft/PresenceWeb/vendor/laravel/framework/src/Illuminate/Session/Middleware/StartSession.php(62): Illuminate\\Session\\Middleware\\StartSession->handleStatefulRequest()
#38 /home/wassim/Desktop/safesoft/PresenceWeb/vendor/laravel/framework/src/Illuminate/Pipeline/Pipeline.php(167): Illuminate\\Session\\Middleware\\StartSession->handle()
#39 /home/wassim/Desktop/safesoft/PresenceWeb/vendor/laravel/framework/src/Illuminate/Cookie/Middleware/AddQueuedCookiesToResponse.php(37): Illuminate\\Pipeline\\Pipeline->Illuminate\\Pipeline\\{closure}()
#40 /home/wassim/Desktop/safesoft/PresenceWeb/vendor/laravel/framework/src/Illuminate/Pipeline/Pipeline.php(167): Illuminate\\Cookie\\Middleware\\AddQueuedCookiesToResponse->handle()
#41 /home/wassim/Desktop/safesoft/PresenceWeb/vendor/laravel/framework/src/Illuminate/Cookie/Middleware/EncryptCookies.php(66): Illuminate\\Pipeline\\Pipeline->Illuminate\\Pipeline\\{closure}()
#42 /home/wassim/Desktop/safesoft/PresenceWeb/vendor/laravel/framework/src/Illuminate/Pipeline/Pipeline.php(167): Illuminate\\Cookie\\Middleware\\EncryptCookies->handle()
#43 /home/wassim/Desktop/safesoft/PresenceWeb/vendor/laravel/framework/src/Illuminate/Pipeline/Pipeline.php(103): Illuminate\\Pipeline\\Pipeline->Illuminate\\Pipeline\\{closure}()
#44 /home/wassim/Desktop/safesoft/PresenceWeb/vendor/laravel/framework/src/Illuminate/Routing/Router.php(687): Illuminate\\Pipeline\\Pipeline->then()
#45 /home/wassim/Desktop/safesoft/PresenceWeb/vendor/laravel/framework/src/Illuminate/Routing/Router.php(662): Illuminate\\Routing\\Router->runRouteWithinStack()
#46 /home/wassim/Desktop/safesoft/PresenceWeb/vendor/laravel/framework/src/Illuminate/Routing/Router.php(628): Illuminate\\Routing\\Router->runRoute()
#47 /home/wassim/Desktop/safesoft/PresenceWeb/vendor/laravel/framework/src/Illuminate/Routing/Router.php(617): Illuminate\\Routing\\Router->dispatchToRoute()
#48 /home/wassim/Desktop/safesoft/PresenceWeb/vendor/laravel/framework/src/Illuminate/Foundation/Http/Kernel.php(165): Illuminate\\Routing\\Router->dispatch()
#49 /home/wassim/Desktop/safesoft/PresenceWeb/vendor/laravel/framework/src/Illuminate/Pipeline/Pipeline.php(128): Illuminate\\Foundation\\Http\\Kernel->Illuminate\\Foundation\\Http\\{closure}()
#50 /home/wassim/Desktop/safesoft/PresenceWeb/vendor/laravel/framework/src/Illuminate/Foundation/Http/Middleware/TransformsRequest.php(21): Illuminate\\Pipeline\\Pipeline->Illuminate\\Pipeline\\{closure}()
#51 /home/wassim/Desktop/safesoft/PresenceWeb/vendor/laravel/framework/src/Illuminate/Pipeline/Pipeline.php(167): Illuminate\\Foundation\\Http\\Middleware\\TransformsRequest->handle()
#52 /home/wassim/Desktop/safesoft/PresenceWeb/vendor/laravel/framework/src/Illuminate/Foundation/Http/Middleware/TransformsRequest.php(21): Illuminate\\Pipeline\\Pipeline->Illuminate\\Pipeline\\{closure}()
#53 /home/wassim/Desktop/safesoft/PresenceWeb/vendor/laravel/framework/src/Illuminate/Pipeline/Pipeline.php(167): Illuminate\\Foundation\\Http\\Middleware\\TransformsRequest->handle()
#54 /home/wassim/Desktop/safesoft/PresenceWeb/vendor/laravel/framework/src/Illuminate/Foundation/Http/Middleware/ValidatePostSize.php(27): Illuminate\\Pipeline\\Pipeline->Illuminate\\Pipeline\\{closure}()
#55 /home/wassim/Desktop/safesoft/PresenceWeb/vendor/laravel/framework/src/Illuminate/Pipeline/Pipeline.php(167): Illuminate\\Foundation\\Http\\Middleware\\ValidatePostSize->handle()
#56 /home/wassim/Desktop/safesoft/PresenceWeb/vendor/laravel/framework/src/Illuminate/Foundation/Http/Middleware/CheckForMaintenanceMode.php(63): Illuminate\\Pipeline\\Pipeline->Illuminate\\Pipeline\\{closure}()
#57 /home/wassim/Desktop/safesoft/PresenceWeb/vendor/laravel/framework/src/Illuminate/Pipeline/Pipeline.php(167): Illuminate\\Foundation\\Http\\Middleware\\CheckForMaintenanceMode->handle()
#58 /home/wassim/Desktop/safesoft/PresenceWeb/vendor/fruitcake/laravel-cors/src/HandleCors.php(37): Illuminate\\Pipeline\\Pipeline->Illuminate\\Pipeline\\{closure}()
#59 /home/wassim/Desktop/safesoft/PresenceWeb/vendor/laravel/framework/src/Illuminate/Pipeline/Pipeline.php(167): Fruitcake\\Cors\\HandleCors->handle()
#60 /home/wassim/Desktop/safesoft/PresenceWeb/vendor/fideloper/proxy/src/TrustProxies.php(57): Illuminate\\Pipeline\\Pipeline->Illuminate\\Pipeline\\{closure}()
#61 /home/wassim/Desktop/safesoft/PresenceWeb/vendor/laravel/framework/src/Illuminate/Pipeline/Pipeline.php(167): Fideloper\\Proxy\\TrustProxies->handle()
#62 /home/wassim/Desktop/safesoft/PresenceWeb/vendor/laravel/framework/src/Illuminate/Pipeline/Pipeline.php(103): Illuminate\\Pipeline\\Pipeline->Illuminate\\Pipeline\\{closure}()
#63 /home/wassim/Desktop/safesoft/PresenceWeb/vendor/laravel/framework/src/Illuminate/Foundation/Http/Kernel.php(140): Illuminate\\Pipeline\\Pipeline->then()
#64 /home/wassim/Desktop/safesoft/PresenceWeb/vendor/laravel/framework/src/Illuminate/Foundation/Http/Kernel.php(109): Illuminate\\Foundation\\Http\\Kernel->sendRequestThroughRouter()
#65 /home/wassim/Desktop/safesoft/PresenceWeb/public/index.php(55): Illuminate\\Foundation\\Http\\Kernel->handle()
#66 /home/wassim/Desktop/safesoft/PresenceWeb/server.php(21): require_once('/home/wassim/De...')
#67 {main}
"} 
[2020-07-15 14:51:25] local.ERROR: file_put_contents(C:\Users\Simou\Desktop\Work\SafeSoft\PresenceWeb\storage\framework/sessions/gsYSVMRiL8uJHmdKQ0KpbwEz9CCPzIfzJ1rYU87Y): failed to open stream: No such file or directory {"exception":"[object] (ErrorException(code: 0): file_put_contents(C:\\Users\\Simou\\Desktop\\Work\\SafeSoft\\PresenceWeb\\storage\\framework/sessions/gsYSVMRiL8uJHmdKQ0KpbwEz9CCPzIfzJ1rYU87Y): failed to open stream: No such file or directory at /home/wassim/Desktop/safesoft/PresenceWeb/vendor/laravel/framework/src/Illuminate/Filesystem/Filesystem.php:135)
[stacktrace]
#0 [internal function]: Illuminate\\Foundation\\Bootstrap\\HandleExceptions->handleError()
#1 /home/wassim/Desktop/safesoft/PresenceWeb/vendor/laravel/framework/src/Illuminate/Filesystem/Filesystem.php(135): file_put_contents()
#2 /home/wassim/Desktop/safesoft/PresenceWeb/vendor/laravel/framework/src/Illuminate/Session/FileSessionHandler.php(83): Illuminate\\Filesystem\\Filesystem->put()
#3 /home/wassim/Desktop/safesoft/PresenceWeb/vendor/laravel/framework/src/Illuminate/Session/Store.php(129): Illuminate\\Session\\FileSessionHandler->write()
#4 /home/wassim/Desktop/safesoft/PresenceWeb/vendor/laravel/framework/src/Illuminate/Session/Middleware/StartSession.php(231): Illuminate\\Session\\Store->save()
#5 /home/wassim/Desktop/safesoft/PresenceWeb/vendor/laravel/framework/src/Illuminate/Session/Middleware/StartSession.php(125): Illuminate\\Session\\Middleware\\StartSession->saveSession()
#6 /home/wassim/Desktop/safesoft/PresenceWeb/vendor/laravel/framework/src/Illuminate/Session/Middleware/StartSession.php(62): Illuminate\\Session\\Middleware\\StartSession->handleStatefulRequest()
#7 /home/wassim/Desktop/safesoft/PresenceWeb/vendor/laravel/framework/src/Illuminate/Pipeline/Pipeline.php(167): Illuminate\\Session\\Middleware\\StartSession->handle()
#8 /home/wassim/Desktop/safesoft/PresenceWeb/vendor/laravel/framework/src/Illuminate/Cookie/Middleware/AddQueuedCookiesToResponse.php(37): Illuminate\\Pipeline\\Pipeline->Illuminate\\Pipeline\\{closure}()
#9 /home/wassim/Desktop/safesoft/PresenceWeb/vendor/laravel/framework/src/Illuminate/Pipeline/Pipeline.php(167): Illuminate\\Cookie\\Middleware\\AddQueuedCookiesToResponse->handle()
#10 /home/wassim/Desktop/safesoft/PresenceWeb/vendor/laravel/framework/src/Illuminate/Cookie/Middleware/EncryptCookies.php(66): Illuminate\\Pipeline\\Pipeline->Illuminate\\Pipeline\\{closure}()
#11 /home/wassim/Desktop/safesoft/PresenceWeb/vendor/laravel/framework/src/Illuminate/Pipeline/Pipeline.php(167): Illuminate\\Cookie\\Middleware\\EncryptCookies->handle()
#12 /home/wassim/Desktop/safesoft/PresenceWeb/vendor/laravel/framework/src/Illuminate/Pipeline/Pipeline.php(103): Illuminate\\Pipeline\\Pipeline->Illuminate\\Pipeline\\{closure}()
#13 /home/wassim/Desktop/safesoft/PresenceWeb/vendor/laravel/framework/src/Illuminate/Routing/Router.php(687): Illuminate\\Pipeline\\Pipeline->then()
#14 /home/wassim/Desktop/safesoft/PresenceWeb/vendor/laravel/framework/src/Illuminate/Routing/Router.php(662): Illuminate\\Routing\\Router->runRouteWithinStack()
#15 /home/wassim/Desktop/safesoft/PresenceWeb/vendor/laravel/framework/src/Illuminate/Routing/Router.php(628): Illuminate\\Routing\\Router->runRoute()
#16 /home/wassim/Desktop/safesoft/PresenceWeb/vendor/laravel/framework/src/Illuminate/Routing/Router.php(617): Illuminate\\Routing\\Router->dispatchToRoute()
#17 /home/wassim/Desktop/safesoft/PresenceWeb/vendor/laravel/framework/src/Illuminate/Foundation/Http/Kernel.php(165): Illuminate\\Routing\\Router->dispatch()
#18 /home/wassim/Desktop/safesoft/PresenceWeb/vendor/laravel/framework/src/Illuminate/Pipeline/Pipeline.php(128): Illuminate\\Foundation\\Http\\Kernel->Illuminate\\Foundation\\Http\\{closure}()
#19 /home/wassim/Desktop/safesoft/PresenceWeb/vendor/laravel/framework/src/Illuminate/Foundation/Http/Middleware/TransformsRequest.php(21): Illuminate\\Pipeline\\Pipeline->Illuminate\\Pipeline\\{closure}()
#20 /home/wassim/Desktop/safesoft/PresenceWeb/vendor/laravel/framework/src/Illuminate/Pipeline/Pipeline.php(167): Illuminate\\Foundation\\Http\\Middleware\\TransformsRequest->handle()
#21 /home/wassim/Desktop/safesoft/PresenceWeb/vendor/laravel/framework/src/Illuminate/Foundation/Http/Middleware/TransformsRequest.php(21): Illuminate\\Pipeline\\Pipeline->Illuminate\\Pipeline\\{closure}()
#22 /home/wassim/Desktop/safesoft/PresenceWeb/vendor/laravel/framework/src/Illuminate/Pipeline/Pipeline.php(167): Illuminate\\Foundation\\Http\\Middleware\\TransformsRequest->handle()
#23 /home/wassim/Desktop/safesoft/PresenceWeb/vendor/laravel/framework/src/Illuminate/Foundation/Http/Middleware/ValidatePostSize.php(27): Illuminate\\Pipeline\\Pipeline->Illuminate\\Pipeline\\{closure}()
#24 /home/wassim/Desktop/safesoft/PresenceWeb/vendor/laravel/framework/src/Illuminate/Pipeline/Pipeline.php(167): Illuminate\\Foundation\\Http\\Middleware\\ValidatePostSize->handle()
#25 /home/wassim/Desktop/safesoft/PresenceWeb/vendor/laravel/framework/src/Illuminate/Foundation/Http/Middleware/CheckForMaintenanceMode.php(63): Illuminate\\Pipeline\\Pipeline->Illuminate\\Pipeline\\{closure}()
#26 /home/wassim/Desktop/safesoft/PresenceWeb/vendor/laravel/framework/src/Illuminate/Pipeline/Pipeline.php(167): Illuminate\\Foundation\\Http\\Middleware\\CheckForMaintenanceMode->handle()
#27 /home/wassim/Desktop/safesoft/PresenceWeb/vendor/fruitcake/laravel-cors/src/HandleCors.php(37): Illuminate\\Pipeline\\Pipeline->Illuminate\\Pipeline\\{closure}()
#28 /home/wassim/Desktop/safesoft/PresenceWeb/vendor/laravel/framework/src/Illuminate/Pipeline/Pipeline.php(167): Fruitcake\\Cors\\HandleCors->handle()
#29 /home/wassim/Desktop/safesoft/PresenceWeb/vendor/fideloper/proxy/src/TrustProxies.php(57): Illuminate\\Pipeline\\Pipeline->Illuminate\\Pipeline\\{closure}()
#30 /home/wassim/Desktop/safesoft/PresenceWeb/vendor/laravel/framework/src/Illuminate/Pipeline/Pipeline.php(167): Fideloper\\Proxy\\TrustProxies->handle()
#31 /home/wassim/Desktop/safesoft/PresenceWeb/vendor/laravel/framework/src/Illuminate/Pipeline/Pipeline.php(103): Illuminate\\Pipeline\\Pipeline->Illuminate\\Pipeline\\{closure}()
#32 /home/wassim/Desktop/safesoft/PresenceWeb/vendor/laravel/framework/src/Illuminate/Foundation/Http/Kernel.php(140): Illuminate\\Pipeline\\Pipeline->then()
#33 /home/wassim/Desktop/safesoft/PresenceWeb/vendor/laravel/framework/src/Illuminate/Foundation/Http/Kernel.php(109): Illuminate\\Foundation\\Http\\Kernel->sendRequestThroughRouter()
#34 /home/wassim/Desktop/safesoft/PresenceWeb/public/index.php(55): Illuminate\\Foundation\\Http\\Kernel->handle()
#35 /home/wassim/Desktop/safesoft/PresenceWeb/server.php(21): require_once('/home/wassim/De...')
#36 {main}
"} 
